00:00:00.004365 main     VirtualBox COM Server 7.0.6 r155176 win.amd64 (Jan 11 2023 16:38:38) release log
00:00:00.004367 main     Log opened 2023-05-19T00:46:38.777955200Z
00:00:00.004368 main     Build Type: release
00:00:00.004408 main     OS Product: Windows 11
00:00:00.004409 main     OS Release: 10.0.23451
00:00:00.004409 main     OS Service Pack: 
00:00:00.019413 main     Firmware type: UEFI
00:00:00.019812 main     Secure Boot: VERR_PRIVILEGE_NOT_HELD
00:00:00.019912 main     Host RAM: 20220MB (19.7GB) total, 13908MB (13.5GB) available
00:00:00.019916 main     Executable: C:\Program Files\Oracle\VirtualBox\ExtensionPacks\VBoxSVC.exe
00:00:00.019916 main     Process ID: 9448
00:00:00.019917 main     Package type: WINDOWS_64BITS_GENERIC
00:00:00.311307          VirtualBox: object creation starts
00:00:00.311634          Home directory: 'C:\Users\mikeg\.VirtualBox'
00:00:00.311853          Installed Drivers:
00:00:00.320868            C:\WINDOWS\system32\DRIVERS\VBoxNetLwf.sys (Version: 7.0.6.5176)
00:00:00.323023            C:\WINDOWS\system32\DRIVERS\VBoxUSBMon.sys (Version: 7.0.6.5176)
00:00:00.324440            C:\WINDOWS\system32\DRIVERS\VBoxSup.sys (Version: 7.0.6.5176)
00:00:00.327094            C:\WINDOWS\system32\DRIVERS\VBoxNetAdp6.sys (Version: 7.0.6.5176)
00:00:00.337794          Loading settings file "C:\Users\mikeg\.VirtualBox\VirtualBox.xml" with version "1.12-windows"
00:00:00.340452          usbLibGetDevices: Starting USB device enumeration
00:00:00.345102          Getting USB descriptor (id 0) failed (dwErr=31) on hub USB#ROOT_HUB30#4&27bcf9ab&0&0#{f18a0e88-c30c-11d0-8815-00a0c906bed8} port 6
00:00:00.345176          Getting USB descriptor (id 0) failed (dwErr=31) on hub USB#ROOT_HUB30#4&27bcf9ab&0&0#{f18a0e88-c30c-11d0-8815-00a0c906bed8} port 10
00:00:00.348938          usbLibGetDevices: Found 4 USB devices, 0 captured
00:00:00.349375          USB: Unknown USB device detected (idVendor: 0x13d3, idProduct: 0x56dd)
00:00:00.349459          USB: Unknown USB device detected (idVendor: 0x8087, idProduct: 0x0026)
00:00:00.495040          netIfIsWireless: CreateFile on '\\.\{834AA12A-B749-4F27-8171-8F4A548E94D9}' failed with rcWin=2 (0x2) - ignoring
00:00:00.501838          HostDnsMonitor: initializing
00:00:00.512597          HostDnsMonitor: updating information
00:00:00.512650          HostDnsMonitor: old information
00:00:00.512650            no server entries
00:00:00.512651            no domain set
00:00:00.512651            no search string entries
00:00:00.512651          HostDnsMonitor: new information
00:00:00.512652            server 1: 172.17.3.1
00:00:00.512652            server 2: 1.1.1.1
00:00:00.512653            server 3: 1.0.0.1
00:00:00.512653            no domain set
00:00:00.512653            no search string entries
00:00:00.528618          VD: VDInit finished with VINF_SUCCESS
00:00:00.532147          VirtualBox: object created
00:00:00.624387          Saving settings file "C:\Users\mikeg\.VirtualBox\VirtualBox.xml" with version "1.12-windows"
00:00:00.632801          Finished saving settings file "C:\Users\mikeg\.VirtualBox\VirtualBox.xml"
00:00:00.633667          Saving settings file "C:\Users\mikeg\.VirtualBox\VirtualBox.xml" with version "1.12-windows"
00:00:00.640720          Finished saving settings file "C:\Users\mikeg\.VirtualBox\VirtualBox.xml"
00:00:00.641425          Saving settings file "C:\Users\mikeg\.VirtualBox\VirtualBox.xml" with version "1.12-windows"
00:00:00.647690          Finished saving settings file "C:\Users\mikeg\.VirtualBox\VirtualBox.xml"
00:03:45.316532 MainPower Host suspending: Paused 0 VMs
00:03:45.785703 USBPROXY usbLibGetDevices: Starting USB device enumeration
00:03:45.792437 USBPROXY Getting USB descriptor (id 0) failed (dwErr=31) on hub USB#ROOT_HUB30#4&27bcf9ab&0&0#{f18a0e88-c30c-11d0-8815-00a0c906bed8} port 6
00:03:45.799352 USBPROXY usbLibGetDevices: Found 4 USB devices, 0 captured
00:03:47.455576 USBPROXY usbLibGetDevices: Starting USB device enumeration
00:03:47.456472 USBPROXY Getting USB descriptor (id 0) failed (dwErr=31) on hub USB#ROOT_HUB30#4&27bcf9ab&0&0#{f18a0e88-c30c-11d0-8815-00a0c906bed8} port 1
00:03:47.457016 USBPROXY Getting USB descriptor (id 0) failed (dwErr=31) on hub USB#ROOT_HUB30#4&27bcf9ab&0&0#{f18a0e88-c30c-11d0-8815-00a0c906bed8} port 4
00:03:47.457331 USBPROXY Getting USB descriptor (id 0) failed (dwErr=31) on hub USB#ROOT_HUB30#4&27bcf9ab&0&0#{f18a0e88-c30c-11d0-8815-00a0c906bed8} port 6
00:03:47.458744 USBPROXY usbLibGetDevices: Found 4 USB devices, 0 captured
11:51:34.772706 MainPower Host resumed: Resumed 0 VMs
11:51:36.315003 dns-monitor HostDnsMonitor: updating information
11:51:36.315343 dns-monitor HostDnsMonitor: old information
11:51:36.315388 dns-monitor   server 1: 172.17.3.1
11:51:36.315404 dns-monitor   server 2: 1.1.1.1
11:51:36.315420 dns-monitor   server 3: 1.0.0.1
11:51:36.315429 dns-monitor   no domain set
11:51:36.315438 dns-monitor   no search string entries
11:51:36.315444 dns-monitor HostDnsMonitor: new information
11:51:36.315453 dns-monitor   server 1: 172.17.3.1
11:51:36.315459 dns-monitor   no domain set
11:51:36.315468 dns-monitor   no search string entries
11:51:38.273966 USBPROXY usbLibGetDevices: Starting USB device enumeration
11:51:38.320810 USBPROXY Getting USB descriptor (id 0) failed (dwErr=31) on hub USB#ROOT_HUB30#4&27bcf9ab&0&0#{f18a0e88-c30c-11d0-8815-00a0c906bed8} port 6
11:51:38.321812 USBPROXY usbLibGetDevices: Found 4 USB devices, 0 captured
11:51:39.866462 USBPROXY usbLibGetDevices: Starting USB device enumeration
11:51:39.870963 USBPROXY Getting USB descriptor (id 0) failed (dwErr=31) on hub USB#ROOT_HUB30#4&27bcf9ab&0&0#{f18a0e88-c30c-11d0-8815-00a0c906bed8} port 6
11:51:39.871555 USBPROXY usbLibGetDevices: Found 4 USB devices, 0 captured
11:51:43.561631 USBPROXY usbLibGetDevices: Starting USB device enumeration
11:51:43.566675 USBPROXY Getting USB descriptor (id 0) failed (dwErr=31) on hub USB#ROOT_HUB30#4&27bcf9ab&0&0#{f18a0e88-c30c-11d0-8815-00a0c906bed8} port 6
11:51:43.567341 USBPROXY usbLibGetDevices: Found 4 USB devices, 0 captured
11:51:56.913725 USBPROXY usbLibGetDevices: Starting USB device enumeration
11:51:56.928559 USBPROXY Getting USB descriptor (id 0) failed (dwErr=31) on hub USB#ROOT_HUB30#4&27bcf9ab&0&0#{f18a0e88-c30c-11d0-8815-00a0c906bed8} port 6
11:51:56.928927 USBPROXY Getting USB descriptor (id 0) failed (dwErr=31) on hub USB#ROOT_HUB30#4&27bcf9ab&0&0#{f18a0e88-c30c-11d0-8815-00a0c906bed8} port 10
11:51:56.930339 USBPROXY usbLibGetDevices: Found 4 USB devices, 0 captured
11:52:01.015739 dns-monitor HostDnsMonitor: updating information
11:52:01.015788 dns-monitor HostDnsMonitor: unchanged
11:52:02.491858 USBPROXY usbLibGetDevices: Starting USB device enumeration
11:52:02.574642 USBPROXY Getting USB descriptor (id 0) failed (dwErr=31) on hub USB#ROOT_HUB30#4&27bcf9ab&0&0#{f18a0e88-c30c-11d0-8815-00a0c906bed8} port 6
11:52:02.579053 USBPROXY Getting USB descriptor (id 0) failed (dwErr=31) on hub USB#ROOT_HUB30#4&27bcf9ab&0&0#{f18a0e88-c30c-11d0-8815-00a0c906bed8} port 10
11:52:02.579440 USBPROXY usbLibGetDevices: Found 4 USB devices, 0 captured
11:52:03.228367 dns-monitor HostDnsMonitor: updating information
11:52:03.228402 dns-monitor HostDnsMonitor: old information
11:52:03.228410 dns-monitor   server 1: 172.17.3.1
11:52:03.228417 dns-monitor   no domain set
11:52:03.228423 dns-monitor   no search string entries
11:52:03.228430 dns-monitor HostDnsMonitor: new information
11:52:03.228436 dns-monitor   server 1: 172.17.3.1
11:52:03.228443 dns-monitor   server 2: 1.1.1.1
11:52:03.228449 dns-monitor   server 3: 1.0.0.1
11:52:03.228456 dns-monitor   no domain set
11:52:03.228462 dns-monitor   no search string entries
11:52:04.132922 USBPROXY usbLibGetDevices: Starting USB device enumeration
11:52:04.139358 USBPROXY Getting USB descriptor (id 0) failed (dwErr=31) on hub USB#ROOT_HUB30#4&27bcf9ab&0&0#{f18a0e88-c30c-11d0-8815-00a0c906bed8} port 6
11:52:04.139740 USBPROXY Getting USB descriptor (id 0) failed (dwErr=31) on hub USB#ROOT_HUB30#4&27bcf9ab&0&0#{f18a0e88-c30c-11d0-8815-00a0c906bed8} port 10
11:52:04.140306 USBPROXY usbLibGetDevices: Found 4 USB devices, 0 captured
11:52:10.441651 USBPROXY usbLibGetDevices: Starting USB device enumeration
11:52:10.447612 USBPROXY Getting USB descriptor (id 0) failed (dwErr=31) on hub USB#ROOT_HUB30#4&27bcf9ab&0&0#{f18a0e88-c30c-11d0-8815-00a0c906bed8} port 6
11:52:10.447805 USBPROXY Getting USB descriptor (id 0) failed (dwErr=31) on hub USB#ROOT_HUB30#4&27bcf9ab&0&0#{f18a0e88-c30c-11d0-8815-00a0c906bed8} port 10
11:52:10.448255 USBPROXY usbLibGetDevices: Found 4 USB devices, 0 captured
11:52:13.829189 USBPROXY usbLibGetDevices: Starting USB device enumeration
11:52:13.835696 USBPROXY Getting USB descriptor (id 0) failed (dwErr=31) on hub USB#ROOT_HUB30#4&27bcf9ab&0&0#{f18a0e88-c30c-11d0-8815-00a0c906bed8} port 6
11:52:13.836247 USBPROXY Getting USB descriptor (id 0) failed (dwErr=31) on hub USB#ROOT_HUB30#4&27bcf9ab&0&0#{f18a0e88-c30c-11d0-8815-00a0c906bed8} port 10
11:52:13.837039 USBPROXY usbLibGetDevices: Found 4 USB devices, 0 captured
11:52:19.191055 USBPROXY usbLibGetDevices: Starting USB device enumeration
11:52:19.197143 USBPROXY Getting USB descriptor (id 0) failed (dwErr=31) on hub USB#ROOT_HUB30#4&27bcf9ab&0&0#{f18a0e88-c30c-11d0-8815-00a0c906bed8} port 6
11:52:19.197809 USBPROXY Getting USB descriptor (id 0) failed (dwErr=31) on hub USB#ROOT_HUB30#4&27bcf9ab&0&0#{f18a0e88-c30c-11d0-8815-00a0c906bed8} port 10
11:52:19.198837 USBPROXY usbLibGetDevices: Found 4 USB devices, 0 captured
11:53:31.826581 USBPROXY usbLibGetDevices: Starting USB device enumeration
11:53:31.831151 USBPROXY Getting USB descriptor (id 0) failed (dwErr=31) on hub USB#ROOT_HUB30#4&27bcf9ab&0&0#{f18a0e88-c30c-11d0-8815-00a0c906bed8} port 6
11:53:31.831257 USBPROXY Getting USB descriptor (id 0) failed (dwErr=31) on hub USB#ROOT_HUB30#4&27bcf9ab&0&0#{f18a0e88-c30c-11d0-8815-00a0c906bed8} port 10
11:53:31.831500 USBPROXY usbLibGetDevices: Found 4 USB devices, 0 captured
11:53:44.680396 USBPROXY usbLibGetDevices: Starting USB device enumeration
11:53:44.685634 USBPROXY Getting USB descriptor (id 0) failed (dwErr=31) on hub USB#ROOT_HUB30#4&27bcf9ab&0&0#{f18a0e88-c30c-11d0-8815-00a0c906bed8} port 6
11:53:44.685788 USBPROXY Getting USB descriptor (id 0) failed (dwErr=31) on hub USB#ROOT_HUB30#4&27bcf9ab&0&0#{f18a0e88-c30c-11d0-8815-00a0c906bed8} port 10
11:53:44.686105 USBPROXY usbLibGetDevices: Found 4 USB devices, 0 captured
11:53:45.081076 dns-monitor HostDnsMonitor: updating information
11:53:45.081134 dns-monitor HostDnsMonitor: old information
11:53:45.081142 dns-monitor   server 1: 172.17.3.1
11:53:45.081148 dns-monitor   server 2: 1.1.1.1
11:53:45.081153 dns-monitor   server 3: 1.0.0.1
11:53:45.081158 dns-monitor   no domain set
11:53:45.081163 dns-monitor   no search string entries
11:53:45.081169 dns-monitor HostDnsMonitor: new information
11:53:45.081173 dns-monitor   server 1: 1.1.1.1
11:53:45.081178 dns-monitor   server 2: 1.0.0.1
11:53:45.081183 dns-monitor   no domain set
11:53:45.081188 dns-monitor   no search string entries
11:53:45.300966 USBPROXY usbLibGetDevices: Starting USB device enumeration
11:53:45.305474 USBPROXY Getting USB descriptor (id 0) failed (dwErr=31) on hub USB#ROOT_HUB30#4&27bcf9ab&0&0#{f18a0e88-c30c-11d0-8815-00a0c906bed8} port 6
11:53:45.305573 USBPROXY Getting USB descriptor (id 0) failed (dwErr=31) on hub USB#ROOT_HUB30#4&27bcf9ab&0&0#{f18a0e88-c30c-11d0-8815-00a0c906bed8} port 10
11:53:45.305760 USBPROXY usbLibGetDevices: Found 4 USB devices, 0 captured
11:53:45.845752 USBPROXY usbLibGetDevices: Starting USB device enumeration
11:53:45.850424 USBPROXY Getting USB descriptor (id 0) failed (dwErr=31) on hub USB#ROOT_HUB30#4&27bcf9ab&0&0#{f18a0e88-c30c-11d0-8815-00a0c906bed8} port 6
11:53:45.850558 USBPROXY Getting USB descriptor (id 0) failed (dwErr=31) on hub USB#ROOT_HUB30#4&27bcf9ab&0&0#{f18a0e88-c30c-11d0-8815-00a0c906bed8} port 10
11:53:45.850846 USBPROXY usbLibGetDevices: Found 4 USB devices, 0 captured
11:53:54.394157 USBPROXY usbLibGetDevices: Starting USB device enumeration
11:53:54.399188 USBPROXY Getting USB descriptor (id 0) failed (dwErr=31) on hub USB#ROOT_HUB30#4&27bcf9ab&0&0#{f18a0e88-c30c-11d0-8815-00a0c906bed8} port 6
11:53:54.399496 USBPROXY Getting USB descriptor (id 0) failed (dwErr=31) on hub USB#ROOT_HUB30#4&27bcf9ab&0&0#{f18a0e88-c30c-11d0-8815-00a0c906bed8} port 10
11:53:54.399878 USBPROXY usbLibGetDevices: Found 4 USB devices, 0 captured
11:53:54.911820 USBPROXY usbLibGetDevices: Starting USB device enumeration
11:53:54.916934 USBPROXY Getting USB descriptor (id 0) failed (dwErr=31) on hub USB#ROOT_HUB30#4&27bcf9ab&0&0#{f18a0e88-c30c-11d0-8815-00a0c906bed8} port 6
11:53:54.917114 USBPROXY Getting USB descriptor (id 0) failed (dwErr=31) on hub USB#ROOT_HUB30#4&27bcf9ab&0&0#{f18a0e88-c30c-11d0-8815-00a0c906bed8} port 10
11:53:54.917451 USBPROXY usbLibGetDevices: Found 4 USB devices, 0 captured
11:53:55.944596 USBPROXY usbLibGetDevices: Starting USB device enumeration
11:53:55.949748 USBPROXY Getting USB descriptor (id 0) failed (dwErr=31) on hub USB#ROOT_HUB30#4&27bcf9ab&0&0#{f18a0e88-c30c-11d0-8815-00a0c906bed8} port 6
11:53:55.950051 USBPROXY Getting USB descriptor (id 0) failed (dwErr=31) on hub USB#ROOT_HUB30#4&27bcf9ab&0&0#{f18a0e88-c30c-11d0-8815-00a0c906bed8} port 10
11:53:55.950487 USBPROXY usbLibGetDevices: Found 4 USB devices, 0 captured
11:53:56.465476 dns-monitor HostDnsMonitor: updating information
11:53:56.465512 dns-monitor HostDnsMonitor: old information
11:53:56.465517 dns-monitor   server 1: 1.1.1.1
11:53:56.465521 dns-monitor   server 2: 1.0.0.1
11:53:56.465526 dns-monitor   no domain set
11:53:56.465529 dns-monitor   no search string entries
11:53:56.465535 dns-monitor HostDnsMonitor: new information
11:53:56.465540 dns-monitor   server 1: 172.17.3.1
11:53:56.465544 dns-monitor   server 2: 1.1.1.1
11:53:56.465548 dns-monitor   server 3: 1.0.0.1
11:53:56.465552 dns-monitor   no domain set
11:53:56.465556 dns-monitor   no search string entries
11:55:01.056047 main     VirtualBox: object deletion starts
11:55:01.056879 main     HostDnsMonitor: shutting down ...
11:55:01.056950 main     HostDnsMonitor: shut down
11:55:01.059207 Watcher  ERROR [COM]: aRC=E_ACCESSDENIED (0x80070005) aIID={7682d5eb-f00e-44f1-8ca2-99d08b1cd607} aComponent={VirtualBoxWrap} aText={The object is not ready}, preserve=false aResultDetail=0
11:55:01.059517 main     VirtualBox: object deleted
